ARM GAS  /tmp/.private/user/ccJc4R1Z.s 			page 1


   1              		.cpu cortex-m4
   2              		.arch armv7e-m
   3              		.fpu fpv4-sp-d16
   4              		.eabi_attribute 27, 1
   5              		.eabi_attribute 28, 1
   6              		.eabi_attribute 20, 1
   7              		.eabi_attribute 21, 1
   8              		.eabi_attribute 23, 3
   9              		.eabi_attribute 24, 1
  10              		.eabi_attribute 25, 1
  11              		.eabi_attribute 26, 1
  12              		.eabi_attribute 30, 1
  13              		.eabi_attribute 34, 1
  14              		.eabi_attribute 18, 4
  15              		.file	"leds.c"
  16              		.text
  17              		.section	.text.ledView,"ax",%progbits
  18              		.align	1
  19              		.global	ledView
  20              		.syntax unified
  21              		.thumb
  22              		.thumb_func
  24              	ledView:
  25              		@ args = 0, pretend = 0, frame = 0
  26              		@ frame_needed = 0, uses_anonymous_args = 0
  27              		@ link register save eliminated.
  28 0000 4AB1     		cbz	r2, .L2
  29 0002 0123     		movs	r3, #1
  30 0004 8B40     		lsls	r3, r3, r1
  31 0006 084A     		ldr	r2, .L4
  32 0008 115C     		ldrb	r1, [r2, r0]	@ zero_extendqisi2
  33 000a 1943     		orrs	r1, r1, r3
  34 000c C9B2     		uxtb	r1, r1
  35 000e 1154     		strb	r1, [r2, r0]
  36              	.L3:
  37 0010 054B     		ldr	r3, .L4
  38 0012 1954     		strb	r1, [r3, r0]
  39 0014 7047     		bx	lr
  40              	.L2:
  41 0016 0123     		movs	r3, #1
  42 0018 8B40     		lsls	r3, r3, r1
  43 001a 034A     		ldr	r2, .L4
  44 001c 115C     		ldrb	r1, [r2, r0]	@ zero_extendqisi2
  45 001e 21EA0301 		bic	r1, r1, r3
  46 0022 1154     		strb	r1, [r2, r0]
  47 0024 F4E7     		b	.L3
  48              	.L5:
  49 0026 00BF     		.align	2
  50              	.L4:
  51 0028 00000000 		.word	.LANCHOR0
  53              		.section	.text.ledsAll,"ax",%progbits
  54              		.align	1
  55              		.global	ledsAll
  56              		.syntax unified
  57              		.thumb
  58              		.thumb_func
  60              	ledsAll:
ARM GAS  /tmp/.private/user/ccJc4R1Z.s 			page 2


  61              		@ args = 0, pretend = 0, frame = 0
  62              		@ frame_needed = 0, uses_anonymous_args = 0
  63              		@ link register save eliminated.
  64 0000 10B4     		push	{r4}
  65 0002 0446     		mov	r4, r0
  66 0004 0021     		movs	r1, #0
  67 0006 1BE0     		b	.L7
  68              	.L8:
  69 0008 0122     		movs	r2, #1
  70 000a 02FA03FC 		lsl	ip, r2, r3
  71 000e 1048     		ldr	r0, .L16
  72 0010 425C     		ldrb	r2, [r0, r1]	@ zero_extendqisi2
  73 0012 22EA0C02 		bic	r2, r2, ip
  74 0016 4254     		strb	r2, [r0, r1]
  75              	.L9:
  76 0018 0D48     		ldr	r0, .L16
  77 001a 4254     		strb	r2, [r0, r1]
  78 001c 0133     		adds	r3, r3, #1
  79 001e DBB2     		uxtb	r3, r3
  80              	.L11:
  81 0020 092B     		cmp	r3, #9
  82 0022 0BD8     		bhi	.L14
  83 0024 002C     		cmp	r4, #0
  84 0026 EFD0     		beq	.L8
  85 0028 0122     		movs	r2, #1
  86 002a 02FA03FC 		lsl	ip, r2, r3
  87 002e 0848     		ldr	r0, .L16
  88 0030 425C     		ldrb	r2, [r0, r1]	@ zero_extendqisi2
  89 0032 42EA0C02 		orr	r2, r2, ip
  90 0036 D2B2     		uxtb	r2, r2
  91 0038 4254     		strb	r2, [r0, r1]
  92 003a EDE7     		b	.L9
  93              	.L14:
  94 003c 0131     		adds	r1, r1, #1
  95 003e C9B2     		uxtb	r1, r1
  96              	.L7:
  97 0040 0F29     		cmp	r1, #15
  98 0042 01D8     		bhi	.L15
  99 0044 0023     		movs	r3, #0
 100 0046 EBE7     		b	.L11
 101              	.L15:
 102 0048 5DF8044B 		ldr	r4, [sp], #4
 103 004c 7047     		bx	lr
 104              	.L17:
 105 004e 00BF     		.align	2
 106              	.L16:
 107 0050 00000000 		.word	.LANCHOR0
 109              		.section	.text.ledsView,"ax",%progbits
 110              		.align	1
 111              		.global	ledsView
 112              		.syntax unified
 113              		.thumb
 114              		.thumb_func
 116              	ledsView:
 117              		@ args = 0, pretend = 0, frame = 0
 118              		@ frame_needed = 0, uses_anonymous_args = 0
 119 0000 70B5     		push	{r4, r5, r6, lr}
ARM GAS  /tmp/.private/user/ccJc4R1Z.s 			page 3


 120 0002 FFF7FEFF 		bl	getKeyCounter
 121 0006 0246     		mov	r2, r0
 122 0008 0721     		movs	r1, #7
 123 000a 2C48     		ldr	r0, .L35
 124 000c FFF7FEFF 		bl	find
 125 0010 0028     		cmp	r0, #0
 126 0012 52D1     		bne	.L18
 127 0014 0546     		mov	r5, r0
 128 0016 0024     		movs	r4, #0
 129 0018 1CE0     		b	.L20
 130              	.L34:
 131 001a 0526     		movs	r6, #5
 132 001c 00E0     		b	.L21
 133              	.L28:
 134 001e 0426     		movs	r6, #4
 135              	.L21:
 136 0020 A4F10803 		sub	r3, r4, #8
 137 0024 DBB2     		uxtb	r3, r3
 138 0026 012B     		cmp	r3, #1
 139 0028 1CD8     		bhi	.L32
 140 002a 0723     		movs	r3, #7
 141              	.L22:
 142 002c 092C     		cmp	r4, #9
 143 002e 1DD8     		bhi	.L23
 144 0030 234A     		ldr	r2, .L35+4
 145 0032 D35C     		ldrb	r3, [r2, r3]	@ zero_extendqisi2
 146 0034 3341     		asrs	r3, r3, r6
 147 0036 13F0010F 		tst	r3, #1
 148 003a 224B     		ldr	r3, .L35+8
 149 003c 03EBC401 		add	r1, r3, r4, lsl #3
 150 0040 0CBF     		ite	eq
 151 0042 0122     		moveq	r2, #1
 152 0044 0022     		movne	r2, #0
 153 0046 8988     		ldrh	r1, [r1, #4]
 154 0048 53F83400 		ldr	r0, [r3, r4, lsl #3]
 155 004c FFF7FEFF 		bl	HAL_GPIO_WritePin
 156              	.L24:
 157 0050 0134     		adds	r4, r4, #1
 158 0052 E4B2     		uxtb	r4, r4
 159              	.L20:
 160 0054 0D2C     		cmp	r4, #13
 161 0056 1CD8     		bhi	.L33
 162 0058 082C     		cmp	r4, #8
 163 005a E0D0     		beq	.L28
 164 005c 092C     		cmp	r4, #9
 165 005e DCD0     		beq	.L34
 166 0060 2646     		mov	r6, r4
 167 0062 DDE7     		b	.L21
 168              	.L32:
 169 0064 FFF7FEFF 		bl	getKeyCounter
 170 0068 C3B2     		uxtb	r3, r0
 171 006a DFE7     		b	.L22
 172              	.L23:
 173 006c A4F10A03 		sub	r3, r4, #10
 174 0070 134A     		ldr	r2, .L35+4
 175 0072 D279     		ldrb	r2, [r2, #7]	@ zero_extendqisi2
 176 0074 1A41     		asrs	r2, r2, r3
ARM GAS  /tmp/.private/user/ccJc4R1Z.s 			page 4


 177 0076 12F0010F 		tst	r2, #1
 178 007a 1348     		ldr	r0, .L35+12
 179 007c 00EBC301 		add	r1, r0, r3, lsl #3
 180 0080 0CBF     		ite	eq
 181 0082 0122     		moveq	r2, #1
 182 0084 0022     		movne	r2, #0
 183 0086 8988     		ldrh	r1, [r1, #4]
 184 0088 50F83300 		ldr	r0, [r0, r3, lsl #3]
 185 008c FFF7FEFF 		bl	HAL_GPIO_WritePin
 186 0090 DEE7     		b	.L24
 187              	.L33:
 188 0092 4FF41670 		mov	r0, #600
 189 0096 FFF7FEFF 		bl	usDelay
 190 009a 09E0     		b	.L26
 191              	.L27:
 192 009c 094B     		ldr	r3, .L35+8
 193 009e 03EBC501 		add	r1, r3, r5, lsl #3
 194 00a2 0122     		movs	r2, #1
 195 00a4 8988     		ldrh	r1, [r1, #4]
 196 00a6 53F83500 		ldr	r0, [r3, r5, lsl #3]
 197 00aa FFF7FEFF 		bl	HAL_GPIO_WritePin
 198 00ae 0135     		adds	r5, r5, #1
 199              	.L26:
 200 00b0 092D     		cmp	r5, #9
 201 00b2 F3DD     		ble	.L27
 202 00b4 C820     		movs	r0, #200
 203 00b6 FFF7FEFF 		bl	usDelay
 204              	.L18:
 205 00ba 70BD     		pop	{r4, r5, r6, pc}
 206              	.L36:
 207              		.align	2
 208              	.L35:
 209 00bc 00000000 		.word	.LANCHOR1
 210 00c0 00000000 		.word	.LANCHOR0
 211 00c4 00000000 		.word	.LANCHOR2
 212 00c8 00000000 		.word	.LANCHOR3
 214              		.global	ledmatrix
 215              		.global	banledscols
 216              		.global	ekeysleds
 217              		.global	leds
 218              		.section	.bss.ledmatrix,"aw",%nobits
 219              		.align	2
 220              		.set	.LANCHOR0,. + 0
 223              	ledmatrix:
 224 0000 00000000 		.space	8
 224      00000000 
 225              		.section	.data.ekeysleds,"aw"
 226              		.align	2
 227              		.set	.LANCHOR3,. + 0
 230              	ekeysleds:
 231 0000 00000240 		.word	1073872896
 232 0004 0100     		.short	1
 233 0006 0000     		.space	2
 234 0008 00000240 		.word	1073872896
 235 000c 0200     		.short	2
 236 000e 0000     		.space	2
 237 0010 00000240 		.word	1073872896
ARM GAS  /tmp/.private/user/ccJc4R1Z.s 			page 5


 238 0014 0400     		.short	4
 239 0016 0000     		.space	2
 240 0018 00000240 		.word	1073872896
 241 001c 0800     		.short	8
 242 001e 0000     		.space	2
 243              		.section	.data.leds,"aw"
 244              		.align	2
 245              		.set	.LANCHOR2,. + 0
 248              	leds:
 249 0000 000C0240 		.word	1073875968
 250 0004 0400     		.short	4
 251 0006 0000     		.space	2
 252 0008 000C0240 		.word	1073875968
 253 000c 0800     		.short	8
 254 000e 0000     		.space	2
 255 0010 000C0240 		.word	1073875968
 256 0014 1000     		.short	16
 257 0016 0000     		.space	2
 258 0018 000C0240 		.word	1073875968
 259 001c 2000     		.short	32
 260 001e 0000     		.space	2
 261 0020 000C0240 		.word	1073875968
 262 0024 4000     		.short	64
 263 0026 0000     		.space	2
 264 0028 000C0240 		.word	1073875968
 265 002c 8000     		.short	128
 266 002e 0000     		.space	2
 267 0030 00040240 		.word	1073873920
 268 0034 0800     		.short	8
 269 0036 0000     		.space	2
 270 0038 00040240 		.word	1073873920
 271 003c 2000     		.short	32
 272 003e 0000     		.space	2
 273 0040 00040240 		.word	1073873920
 274 0044 4000     		.short	64
 275 0046 0000     		.space	2
 276 0048 00040240 		.word	1073873920
 277 004c 8000     		.short	128
 278 004e 0000     		.space	2
 279              		.section	.rodata.banledscols,"a"
 280              		.align	2
 281              		.set	.LANCHOR1,. + 0
 284              	banledscols:
 285 0000 0708090A 		.ascii	"\007\010\011\012\013\015\016"
 285      0B0D0E
 286              		.ident	"GCC: (GNU Arm Embedded Toolchain 10.3-2021.10) 10.3.1 20210824 (release)"
ARM GAS  /tmp/.private/user/ccJc4R1Z.s 			page 6


DEFINED SYMBOLS
                            *ABS*:0000000000000000 leds.c
/tmp/.private/user/ccJc4R1Z.s:18     .text.ledView:0000000000000000 $t
/tmp/.private/user/ccJc4R1Z.s:24     .text.ledView:0000000000000000 ledView
/tmp/.private/user/ccJc4R1Z.s:51     .text.ledView:0000000000000028 $d
/tmp/.private/user/ccJc4R1Z.s:54     .text.ledsAll:0000000000000000 $t
/tmp/.private/user/ccJc4R1Z.s:60     .text.ledsAll:0000000000000000 ledsAll
/tmp/.private/user/ccJc4R1Z.s:107    .text.ledsAll:0000000000000050 $d
/tmp/.private/user/ccJc4R1Z.s:110    .text.ledsView:0000000000000000 $t
/tmp/.private/user/ccJc4R1Z.s:116    .text.ledsView:0000000000000000 ledsView
/tmp/.private/user/ccJc4R1Z.s:209    .text.ledsView:00000000000000bc $d
/tmp/.private/user/ccJc4R1Z.s:223    .bss.ledmatrix:0000000000000000 ledmatrix
/tmp/.private/user/ccJc4R1Z.s:284    .rodata.banledscols:0000000000000000 banledscols
/tmp/.private/user/ccJc4R1Z.s:230    .data.ekeysleds:0000000000000000 ekeysleds
/tmp/.private/user/ccJc4R1Z.s:248    .data.leds:0000000000000000 leds
/tmp/.private/user/ccJc4R1Z.s:219    .bss.ledmatrix:0000000000000000 $d
/tmp/.private/user/ccJc4R1Z.s:226    .data.ekeysleds:0000000000000000 $d
/tmp/.private/user/ccJc4R1Z.s:244    .data.leds:0000000000000000 $d
/tmp/.private/user/ccJc4R1Z.s:280    .rodata.banledscols:0000000000000000 $d

UNDEFINED SYMBOLS
getKeyCounter
find
HAL_GPIO_WritePin
usDelay
