ARM GAS  /tmp/.private/user/ccMhZi05.s 			page 1


   1              		.cpu cortex-m4
   2              		.arch armv7e-m
   3              		.fpu fpv4-sp-d16
   4              		.eabi_attribute 27, 1
   5              		.eabi_attribute 28, 1
   6              		.eabi_attribute 20, 1
   7              		.eabi_attribute 21, 1
   8              		.eabi_attribute 23, 3
   9              		.eabi_attribute 24, 1
  10              		.eabi_attribute 25, 1
  11              		.eabi_attribute 26, 1
  12              		.eabi_attribute 30, 1
  13              		.eabi_attribute 34, 1
  14              		.eabi_attribute 18, 4
  15              		.file	"stm32f4xx_hal_gpio.c"
  16              		.text
  17              		.section	.text.HAL_GPIO_Init,"ax",%progbits
  18              		.align	1
  19              		.global	HAL_GPIO_Init
  20              		.syntax unified
  21              		.thumb
  22              		.thumb_func
  24              	HAL_GPIO_Init:
  25              		@ args = 0, pretend = 0, frame = 8
  26              		@ frame_needed = 0, uses_anonymous_args = 0
  27 0000 0023     		movs	r3, #0
  28 0002 0F2B     		cmp	r3, #15
  29 0004 00F2E480 		bhi	.L24
  30 0008 70B5     		push	{r4, r5, r6, lr}
  31 000a 82B0     		sub	sp, sp, #8
  32 000c 60E0     		b	.L12
  33              	.L26:
  34 000e 8568     		ldr	r5, [r0, #8]
  35 0010 5E00     		lsls	r6, r3, #1
  36 0012 0324     		movs	r4, #3
  37 0014 B440     		lsls	r4, r4, r6
  38 0016 25EA0405 		bic	r5, r5, r4
  39 001a CC68     		ldr	r4, [r1, #12]
  40 001c B440     		lsls	r4, r4, r6
  41 001e 2C43     		orrs	r4, r4, r5
  42 0020 8460     		str	r4, [r0, #8]
  43 0022 4568     		ldr	r5, [r0, #4]
  44 0024 25EA0205 		bic	r5, r5, r2
  45 0028 4C68     		ldr	r4, [r1, #4]
  46 002a C4F30012 		ubfx	r2, r4, #4, #1
  47 002e 9A40     		lsls	r2, r2, r3
  48 0030 2A43     		orrs	r2, r2, r5
  49 0032 4260     		str	r2, [r0, #4]
  50 0034 5AE0     		b	.L4
  51              	.L27:
  52 0036 DC08     		lsrs	r4, r3, #3
  53 0038 0834     		adds	r4, r4, #8
  54 003a 50F82460 		ldr	r6, [r0, r4, lsl #2]
  55 003e 03F00702 		and	r2, r3, #7
  56 0042 9500     		lsls	r5, r2, #2
  57 0044 0F22     		movs	r2, #15
  58 0046 AA40     		lsls	r2, r2, r5
ARM GAS  /tmp/.private/user/ccMhZi05.s 			page 2


  59 0048 26EA020E 		bic	lr, r6, r2
  60 004c 0A69     		ldr	r2, [r1, #16]
  61 004e AA40     		lsls	r2, r2, r5
  62 0050 42EA0E02 		orr	r2, r2, lr
  63 0054 40F82420 		str	r2, [r0, r4, lsl #2]
  64 0058 5CE0     		b	.L6
  65              	.L28:
  66 005a 0722     		movs	r2, #7
  67 005c 00E0     		b	.L7
  68              	.L13:
  69 005e 0022     		movs	r2, #0
  70              	.L7:
  71 0060 02FA0EF2 		lsl	r2, r2, lr
  72 0064 2A43     		orrs	r2, r2, r5
  73 0066 0234     		adds	r4, r4, #2
  74 0068 5A4D     		ldr	r5, .L29
  75 006a 45F82420 		str	r2, [r5, r4, lsl #2]
  76 006e 5A4A     		ldr	r2, .L29+4
  77 0070 9468     		ldr	r4, [r2, #8]
  78 0072 6FEA0C02 		mvn	r2, ip
  79 0076 24EA0C05 		bic	r5, r4, ip
  80 007a 4E68     		ldr	r6, [r1, #4]
  81 007c 16F4801F 		tst	r6, #1048576
  82 0080 01D0     		beq	.L8
  83 0082 4CEA0405 		orr	r5, ip, r4
  84              	.L8:
  85 0086 544C     		ldr	r4, .L29+4
  86 0088 A560     		str	r5, [r4, #8]
  87 008a E468     		ldr	r4, [r4, #12]
  88 008c 02EA0405 		and	r5, r2, r4
  89 0090 4E68     		ldr	r6, [r1, #4]
  90 0092 16F4001F 		tst	r6, #2097152
  91 0096 01D0     		beq	.L9
  92 0098 4CEA0405 		orr	r5, ip, r4
  93              	.L9:
  94 009c 4E4C     		ldr	r4, .L29+4
  95 009e E560     		str	r5, [r4, #12]
  96 00a0 6468     		ldr	r4, [r4, #4]
  97 00a2 02EA0405 		and	r5, r2, r4
  98 00a6 4E68     		ldr	r6, [r1, #4]
  99 00a8 16F4003F 		tst	r6, #131072
 100 00ac 01D0     		beq	.L10
 101 00ae 4CEA0405 		orr	r5, ip, r4
 102              	.L10:
 103 00b2 494C     		ldr	r4, .L29+4
 104 00b4 6560     		str	r5, [r4, #4]
 105 00b6 2468     		ldr	r4, [r4]
 106 00b8 2240     		ands	r2, r2, r4
 107 00ba 4D68     		ldr	r5, [r1, #4]
 108 00bc 15F4803F 		tst	r5, #65536
 109 00c0 01D0     		beq	.L11
 110 00c2 4CEA0402 		orr	r2, ip, r4
 111              	.L11:
 112 00c6 444C     		ldr	r4, .L29+4
 113 00c8 2260     		str	r2, [r4]
 114              	.L3:
 115 00ca 0133     		adds	r3, r3, #1
ARM GAS  /tmp/.private/user/ccMhZi05.s 			page 3


 116 00cc 0F2B     		cmp	r3, #15
 117 00ce 7DD8     		bhi	.L25
 118              	.L12:
 119 00d0 0122     		movs	r2, #1
 120 00d2 9A40     		lsls	r2, r2, r3
 121 00d4 0C68     		ldr	r4, [r1]
 122 00d6 04EA020C 		and	ip, r4, r2
 123 00da 32EA0404 		bics	r4, r2, r4
 124 00de F4D1     		bne	.L3
 125 00e0 4C68     		ldr	r4, [r1, #4]
 126 00e2 04F00304 		and	r4, r4, #3
 127 00e6 013C     		subs	r4, r4, #1
 128 00e8 012C     		cmp	r4, #1
 129 00ea 90D9     		bls	.L26
 130              	.L4:
 131 00ec 4A68     		ldr	r2, [r1, #4]
 132 00ee 02F00302 		and	r2, r2, #3
 133 00f2 032A     		cmp	r2, #3
 134 00f4 09D0     		beq	.L5
 135 00f6 C468     		ldr	r4, [r0, #12]
 136 00f8 5D00     		lsls	r5, r3, #1
 137 00fa 0322     		movs	r2, #3
 138 00fc AA40     		lsls	r2, r2, r5
 139 00fe 24EA0204 		bic	r4, r4, r2
 140 0102 8A68     		ldr	r2, [r1, #8]
 141 0104 AA40     		lsls	r2, r2, r5
 142 0106 2243     		orrs	r2, r2, r4
 143 0108 C260     		str	r2, [r0, #12]
 144              	.L5:
 145 010a 4A68     		ldr	r2, [r1, #4]
 146 010c 02F00302 		and	r2, r2, #3
 147 0110 022A     		cmp	r2, #2
 148 0112 90D0     		beq	.L27
 149              	.L6:
 150 0114 0468     		ldr	r4, [r0]
 151 0116 4FEA430E 		lsl	lr, r3, #1
 152 011a 0322     		movs	r2, #3
 153 011c 02FA0EF2 		lsl	r2, r2, lr
 154 0120 24EA0204 		bic	r4, r4, r2
 155 0124 4A68     		ldr	r2, [r1, #4]
 156 0126 02F00302 		and	r2, r2, #3
 157 012a 02FA0EF2 		lsl	r2, r2, lr
 158 012e 2243     		orrs	r2, r2, r4
 159 0130 0260     		str	r2, [r0]
 160 0132 4A68     		ldr	r2, [r1, #4]
 161 0134 12F4403F 		tst	r2, #196608
 162 0138 C7D0     		beq	.L3
 163 013a 0022     		movs	r2, #0
 164 013c 0192     		str	r2, [sp, #4]
 165 013e 274A     		ldr	r2, .L29+8
 166 0140 546C     		ldr	r4, [r2, #68]
 167 0142 44F48044 		orr	r4, r4, #16384
 168 0146 5464     		str	r4, [r2, #68]
 169 0148 526C     		ldr	r2, [r2, #68]
 170 014a 02F48042 		and	r2, r2, #16384
 171 014e 0192     		str	r2, [sp, #4]
 172 0150 019A     		ldr	r2, [sp, #4]
ARM GAS  /tmp/.private/user/ccMhZi05.s 			page 4


 173 0152 9C08     		lsrs	r4, r3, #2
 174 0154 A51C     		adds	r5, r4, #2
 175 0156 1F4A     		ldr	r2, .L29
 176 0158 52F82550 		ldr	r5, [r2, r5, lsl #2]
 177 015c 03F00302 		and	r2, r3, #3
 178 0160 4FEA820E 		lsl	lr, r2, #2
 179 0164 0F22     		movs	r2, #15
 180 0166 02FA0EF2 		lsl	r2, r2, lr
 181 016a 25EA0205 		bic	r5, r5, r2
 182 016e 1C4A     		ldr	r2, .L29+12
 183 0170 9042     		cmp	r0, r2
 184 0172 3FF474AF 		beq	.L13
 185 0176 02F58062 		add	r2, r2, #1024
 186 017a 9042     		cmp	r0, r2
 187 017c 1AD0     		beq	.L14
 188 017e 02F58062 		add	r2, r2, #1024
 189 0182 9042     		cmp	r0, r2
 190 0184 18D0     		beq	.L15
 191 0186 02F58062 		add	r2, r2, #1024
 192 018a 9042     		cmp	r0, r2
 193 018c 16D0     		beq	.L16
 194 018e 02F58062 		add	r2, r2, #1024
 195 0192 9042     		cmp	r0, r2
 196 0194 14D0     		beq	.L17
 197 0196 02F58062 		add	r2, r2, #1024
 198 019a 9042     		cmp	r0, r2
 199 019c 12D0     		beq	.L18
 200 019e 02F58062 		add	r2, r2, #1024
 201 01a2 9042     		cmp	r0, r2
 202 01a4 10D0     		beq	.L19
 203 01a6 02F58062 		add	r2, r2, #1024
 204 01aa 9042     		cmp	r0, r2
 205 01ac 3FF455AF 		beq	.L28
 206 01b0 0822     		movs	r2, #8
 207 01b2 55E7     		b	.L7
 208              	.L14:
 209 01b4 0122     		movs	r2, #1
 210 01b6 53E7     		b	.L7
 211              	.L15:
 212 01b8 0222     		movs	r2, #2
 213 01ba 51E7     		b	.L7
 214              	.L16:
 215 01bc 0322     		movs	r2, #3
 216 01be 4FE7     		b	.L7
 217              	.L17:
 218 01c0 0422     		movs	r2, #4
 219 01c2 4DE7     		b	.L7
 220              	.L18:
 221 01c4 0522     		movs	r2, #5
 222 01c6 4BE7     		b	.L7
 223              	.L19:
 224 01c8 0622     		movs	r2, #6
 225 01ca 49E7     		b	.L7
 226              	.L25:
 227 01cc 02B0     		add	sp, sp, #8
 228              		@ sp needed
 229 01ce 70BD     		pop	{r4, r5, r6, pc}
ARM GAS  /tmp/.private/user/ccMhZi05.s 			page 5


 230              	.L24:
 231 01d0 7047     		bx	lr
 232              	.L30:
 233 01d2 00BF     		.align	2
 234              	.L29:
 235 01d4 00380140 		.word	1073821696
 236 01d8 003C0140 		.word	1073822720
 237 01dc 00380240 		.word	1073887232
 238 01e0 00000240 		.word	1073872896
 240              		.section	.text.HAL_GPIO_DeInit,"ax",%progbits
 241              		.align	1
 242              		.global	HAL_GPIO_DeInit
 243              		.syntax unified
 244              		.thumb
 245              		.thumb_func
 247              	HAL_GPIO_DeInit:
 248              		@ args = 0, pretend = 0, frame = 0
 249              		@ frame_needed = 0, uses_anonymous_args = 0
 250 0000 0023     		movs	r3, #0
 251 0002 0F2B     		cmp	r3, #15
 252 0004 00F28F80 		bhi	.L48
 253 0008 F0B5     		push	{r4, r5, r6, r7, lr}
 254 000a 2DE0     		b	.L36
 255              	.L51:
 256 000c 0725     		movs	r5, #7
 257 000e 00E0     		b	.L34
 258              	.L37:
 259 0010 0025     		movs	r5, #0
 260              	.L34:
 261 0012 05FA0CFC 		lsl	ip, r5, ip
 262 0016 A445     		cmp	ip, r4
 263 0018 69D0     		beq	.L49
 264              	.L35:
 265 001a 0468     		ldr	r4, [r0]
 266 001c 5D00     		lsls	r5, r3, #1
 267 001e 4FF0030C 		mov	ip, #3
 268 0022 0CFA05FC 		lsl	ip, ip, r5
 269 0026 24EA0C04 		bic	r4, r4, ip
 270 002a 0460     		str	r4, [r0]
 271 002c 4FEAD30E 		lsr	lr, r3, #3
 272 0030 0EF1080E 		add	lr, lr, #8
 273 0034 50F82E40 		ldr	r4, [r0, lr, lsl #2]
 274 0038 03F00705 		and	r5, r3, #7
 275 003c AE00     		lsls	r6, r5, #2
 276 003e 0F25     		movs	r5, #15
 277 0040 B540     		lsls	r5, r5, r6
 278 0042 24EA0504 		bic	r4, r4, r5
 279 0046 40F82E40 		str	r4, [r0, lr, lsl #2]
 280 004a C468     		ldr	r4, [r0, #12]
 281 004c 24EA0C04 		bic	r4, r4, ip
 282 0050 C460     		str	r4, [r0, #12]
 283 0052 4468     		ldr	r4, [r0, #4]
 284 0054 24EA0202 		bic	r2, r4, r2
 285 0058 4260     		str	r2, [r0, #4]
 286 005a 8268     		ldr	r2, [r0, #8]
 287 005c 22EA0C02 		bic	r2, r2, ip
 288 0060 8260     		str	r2, [r0, #8]
ARM GAS  /tmp/.private/user/ccMhZi05.s 			page 6


 289              	.L33:
 290 0062 0133     		adds	r3, r3, #1
 291 0064 0F2B     		cmp	r3, #15
 292 0066 5DD8     		bhi	.L50
 293              	.L36:
 294 0068 0122     		movs	r2, #1
 295 006a 9A40     		lsls	r2, r2, r3
 296 006c 02EA0106 		and	r6, r2, r1
 297 0070 32EA0104 		bics	r4, r2, r1
 298 0074 F5D1     		bne	.L33
 299 0076 4FEA930E 		lsr	lr, r3, #2
 300 007a 0EF10205 		add	r5, lr, #2
 301 007e 2A4C     		ldr	r4, .L52
 302 0080 54F82540 		ldr	r4, [r4, r5, lsl #2]
 303 0084 03F0030C 		and	ip, r3, #3
 304 0088 4FEA8C0C 		lsl	ip, ip, #2
 305 008c 0F25     		movs	r5, #15
 306 008e 05FA0CF7 		lsl	r7, r5, ip
 307 0092 3C40     		ands	r4, r4, r7
 308 0094 254D     		ldr	r5, .L52+4
 309 0096 A842     		cmp	r0, r5
 310 0098 BAD0     		beq	.L37
 311 009a 05F58065 		add	r5, r5, #1024
 312 009e A842     		cmp	r0, r5
 313 00a0 19D0     		beq	.L38
 314 00a2 05F58065 		add	r5, r5, #1024
 315 00a6 A842     		cmp	r0, r5
 316 00a8 17D0     		beq	.L39
 317 00aa 05F58065 		add	r5, r5, #1024
 318 00ae A842     		cmp	r0, r5
 319 00b0 15D0     		beq	.L40
 320 00b2 05F58065 		add	r5, r5, #1024
 321 00b6 A842     		cmp	r0, r5
 322 00b8 13D0     		beq	.L41
 323 00ba 05F58065 		add	r5, r5, #1024
 324 00be A842     		cmp	r0, r5
 325 00c0 11D0     		beq	.L42
 326 00c2 05F58065 		add	r5, r5, #1024
 327 00c6 A842     		cmp	r0, r5
 328 00c8 0FD0     		beq	.L43
 329 00ca 05F58065 		add	r5, r5, #1024
 330 00ce A842     		cmp	r0, r5
 331 00d0 9CD0     		beq	.L51
 332 00d2 0825     		movs	r5, #8
 333 00d4 9DE7     		b	.L34
 334              	.L38:
 335 00d6 0125     		movs	r5, #1
 336 00d8 9BE7     		b	.L34
 337              	.L39:
 338 00da 0225     		movs	r5, #2
 339 00dc 99E7     		b	.L34
 340              	.L40:
 341 00de 0325     		movs	r5, #3
 342 00e0 97E7     		b	.L34
 343              	.L41:
 344 00e2 0425     		movs	r5, #4
 345 00e4 95E7     		b	.L34
ARM GAS  /tmp/.private/user/ccMhZi05.s 			page 7


 346              	.L42:
 347 00e6 0525     		movs	r5, #5
 348 00e8 93E7     		b	.L34
 349              	.L43:
 350 00ea 0625     		movs	r5, #6
 351 00ec 91E7     		b	.L34
 352              	.L49:
 353 00ee 104C     		ldr	r4, .L52+8
 354 00f0 2568     		ldr	r5, [r4]
 355 00f2 25EA0605 		bic	r5, r5, r6
 356 00f6 2560     		str	r5, [r4]
 357 00f8 6568     		ldr	r5, [r4, #4]
 358 00fa 25EA0605 		bic	r5, r5, r6
 359 00fe 6560     		str	r5, [r4, #4]
 360 0100 E568     		ldr	r5, [r4, #12]
 361 0102 25EA0605 		bic	r5, r5, r6
 362 0106 E560     		str	r5, [r4, #12]
 363 0108 A568     		ldr	r5, [r4, #8]
 364 010a 25EA0606 		bic	r6, r5, r6
 365 010e A660     		str	r6, [r4, #8]
 366 0110 054E     		ldr	r6, .L52
 367 0112 0EF10204 		add	r4, lr, #2
 368 0116 56F82450 		ldr	r5, [r6, r4, lsl #2]
 369 011a 25EA0705 		bic	r5, r5, r7
 370 011e 46F82450 		str	r5, [r6, r4, lsl #2]
 371 0122 7AE7     		b	.L35
 372              	.L50:
 373 0124 F0BD     		pop	{r4, r5, r6, r7, pc}
 374              	.L48:
 375 0126 7047     		bx	lr
 376              	.L53:
 377              		.align	2
 378              	.L52:
 379 0128 00380140 		.word	1073821696
 380 012c 00000240 		.word	1073872896
 381 0130 003C0140 		.word	1073822720
 383              		.section	.text.HAL_GPIO_ReadPin,"ax",%progbits
 384              		.align	1
 385              		.global	HAL_GPIO_ReadPin
 386              		.syntax unified
 387              		.thumb
 388              		.thumb_func
 390              	HAL_GPIO_ReadPin:
 391              		@ args = 0, pretend = 0, frame = 0
 392              		@ frame_needed = 0, uses_anonymous_args = 0
 393              		@ link register save eliminated.
 394 0000 0369     		ldr	r3, [r0, #16]
 395 0002 1942     		tst	r1, r3
 396 0004 01D0     		beq	.L56
 397 0006 0120     		movs	r0, #1
 398 0008 7047     		bx	lr
 399              	.L56:
 400 000a 0020     		movs	r0, #0
 401 000c 7047     		bx	lr
 403              		.section	.text.HAL_GPIO_WritePin,"ax",%progbits
 404              		.align	1
 405              		.global	HAL_GPIO_WritePin
ARM GAS  /tmp/.private/user/ccMhZi05.s 			page 8


 406              		.syntax unified
 407              		.thumb
 408              		.thumb_func
 410              	HAL_GPIO_WritePin:
 411              		@ args = 0, pretend = 0, frame = 0
 412              		@ frame_needed = 0, uses_anonymous_args = 0
 413              		@ link register save eliminated.
 414 0000 0AB1     		cbz	r2, .L58
 415 0002 8161     		str	r1, [r0, #24]
 416 0004 7047     		bx	lr
 417              	.L58:
 418 0006 0904     		lsls	r1, r1, #16
 419 0008 8161     		str	r1, [r0, #24]
 420 000a 7047     		bx	lr
 422              		.section	.text.HAL_GPIO_TogglePin,"ax",%progbits
 423              		.align	1
 424              		.global	HAL_GPIO_TogglePin
 425              		.syntax unified
 426              		.thumb
 427              		.thumb_func
 429              	HAL_GPIO_TogglePin:
 430              		@ args = 0, pretend = 0, frame = 0
 431              		@ frame_needed = 0, uses_anonymous_args = 0
 432              		@ link register save eliminated.
 433 0000 4369     		ldr	r3, [r0, #20]
 434 0002 01EA0302 		and	r2, r1, r3
 435 0006 21EA0301 		bic	r1, r1, r3
 436 000a 41EA0241 		orr	r1, r1, r2, lsl #16
 437 000e 8161     		str	r1, [r0, #24]
 438 0010 7047     		bx	lr
 440              		.section	.text.HAL_GPIO_LockPin,"ax",%progbits
 441              		.align	1
 442              		.global	HAL_GPIO_LockPin
 443              		.syntax unified
 444              		.thumb
 445              		.thumb_func
 447              	HAL_GPIO_LockPin:
 448              		@ args = 0, pretend = 0, frame = 8
 449              		@ frame_needed = 0, uses_anonymous_args = 0
 450              		@ link register save eliminated.
 451 0000 82B0     		sub	sp, sp, #8
 452 0002 4FF48033 		mov	r3, #65536
 453 0006 0193     		str	r3, [sp, #4]
 454 0008 019B     		ldr	r3, [sp, #4]
 455 000a 0B43     		orrs	r3, r3, r1
 456 000c 0193     		str	r3, [sp, #4]
 457 000e 019B     		ldr	r3, [sp, #4]
 458 0010 C361     		str	r3, [r0, #28]
 459 0012 C161     		str	r1, [r0, #28]
 460 0014 019B     		ldr	r3, [sp, #4]
 461 0016 C361     		str	r3, [r0, #28]
 462 0018 C369     		ldr	r3, [r0, #28]
 463 001a 0193     		str	r3, [sp, #4]
 464 001c C369     		ldr	r3, [r0, #28]
 465 001e 13F4803F 		tst	r3, #65536
 466 0022 02D0     		beq	.L63
 467 0024 0020     		movs	r0, #0
ARM GAS  /tmp/.private/user/ccMhZi05.s 			page 9


 468              	.L62:
 469 0026 02B0     		add	sp, sp, #8
 470              		@ sp needed
 471 0028 7047     		bx	lr
 472              	.L63:
 473 002a 0120     		movs	r0, #1
 474 002c FBE7     		b	.L62
 476              		.section	.text.HAL_GPIO_EXTI_Callback,"ax",%progbits
 477              		.align	1
 478              		.weak	HAL_GPIO_EXTI_Callback
 479              		.syntax unified
 480              		.thumb
 481              		.thumb_func
 483              	HAL_GPIO_EXTI_Callback:
 484              		@ args = 0, pretend = 0, frame = 0
 485              		@ frame_needed = 0, uses_anonymous_args = 0
 486              		@ link register save eliminated.
 487 0000 7047     		bx	lr
 489              		.section	.text.HAL_GPIO_EXTI_IRQHandler,"ax",%progbits
 490              		.align	1
 491              		.global	HAL_GPIO_EXTI_IRQHandler
 492              		.syntax unified
 493              		.thumb
 494              		.thumb_func
 496              	HAL_GPIO_EXTI_IRQHandler:
 497              		@ args = 0, pretend = 0, frame = 0
 498              		@ frame_needed = 0, uses_anonymous_args = 0
 499 0000 08B5     		push	{r3, lr}
 500 0002 054B     		ldr	r3, .L70
 501 0004 5B69     		ldr	r3, [r3, #20]
 502 0006 0342     		tst	r3, r0
 503 0008 00D1     		bne	.L69
 504              	.L66:
 505 000a 08BD     		pop	{r3, pc}
 506              	.L69:
 507 000c 024B     		ldr	r3, .L70
 508 000e 5861     		str	r0, [r3, #20]
 509 0010 FFF7FEFF 		bl	HAL_GPIO_EXTI_Callback
 510 0014 F9E7     		b	.L66
 511              	.L71:
 512 0016 00BF     		.align	2
 513              	.L70:
 514 0018 003C0140 		.word	1073822720
 516              		.ident	"GCC: (GNU Arm Embedded Toolchain 10.3-2021.10) 10.3.1 20210824 (release)"
ARM GAS  /tmp/.private/user/ccMhZi05.s 			page 10


DEFINED SYMBOLS
                            *ABS*:0000000000000000 stm32f4xx_hal_gpio.c
/tmp/.private/user/ccMhZi05.s:18     .text.HAL_GPIO_Init:0000000000000000 $t
/tmp/.private/user/ccMhZi05.s:24     .text.HAL_GPIO_Init:0000000000000000 HAL_GPIO_Init
/tmp/.private/user/ccMhZi05.s:235    .text.HAL_GPIO_Init:00000000000001d4 $d
/tmp/.private/user/ccMhZi05.s:241    .text.HAL_GPIO_DeInit:0000000000000000 $t
/tmp/.private/user/ccMhZi05.s:247    .text.HAL_GPIO_DeInit:0000000000000000 HAL_GPIO_DeInit
/tmp/.private/user/ccMhZi05.s:379    .text.HAL_GPIO_DeInit:0000000000000128 $d
/tmp/.private/user/ccMhZi05.s:384    .text.HAL_GPIO_ReadPin:0000000000000000 $t
/tmp/.private/user/ccMhZi05.s:390    .text.HAL_GPIO_ReadPin:0000000000000000 HAL_GPIO_ReadPin
/tmp/.private/user/ccMhZi05.s:404    .text.HAL_GPIO_WritePin:0000000000000000 $t
/tmp/.private/user/ccMhZi05.s:410    .text.HAL_GPIO_WritePin:0000000000000000 HAL_GPIO_WritePin
/tmp/.private/user/ccMhZi05.s:423    .text.HAL_GPIO_TogglePin:0000000000000000 $t
/tmp/.private/user/ccMhZi05.s:429    .text.HAL_GPIO_TogglePin:0000000000000000 HAL_GPIO_TogglePin
/tmp/.private/user/ccMhZi05.s:441    .text.HAL_GPIO_LockPin:0000000000000000 $t
/tmp/.private/user/ccMhZi05.s:447    .text.HAL_GPIO_LockPin:0000000000000000 HAL_GPIO_LockPin
/tmp/.private/user/ccMhZi05.s:477    .text.HAL_GPIO_EXTI_Callback:0000000000000000 $t
/tmp/.private/user/ccMhZi05.s:483    .text.HAL_GPIO_EXTI_Callback:0000000000000000 HAL_GPIO_EXTI_Callback
/tmp/.private/user/ccMhZi05.s:490    .text.HAL_GPIO_EXTI_IRQHandler:0000000000000000 $t
/tmp/.private/user/ccMhZi05.s:496    .text.HAL_GPIO_EXTI_IRQHandler:0000000000000000 HAL_GPIO_EXTI_IRQHandler
/tmp/.private/user/ccMhZi05.s:514    .text.HAL_GPIO_EXTI_IRQHandler:0000000000000018 $d

NO UNDEFINED SYMBOLS
