ARM GAS  /tmp/.private/user/ccEK2NrC.s 			page 1


   1              		.cpu cortex-m4
   2              		.arch armv7e-m
   3              		.fpu fpv4-sp-d16
   4              		.eabi_attribute 27, 1
   5              		.eabi_attribute 28, 1
   6              		.eabi_attribute 20, 1
   7              		.eabi_attribute 21, 1
   8              		.eabi_attribute 23, 3
   9              		.eabi_attribute 24, 1
  10              		.eabi_attribute 25, 1
  11              		.eabi_attribute 26, 1
  12              		.eabi_attribute 30, 1
  13              		.eabi_attribute 34, 1
  14              		.eabi_attribute 18, 4
  15              		.file	"usart.c"
  16              		.text
  17              		.section	.text.MX_USART1_UART_Init,"ax",%progbits
  18              		.align	1
  19              		.global	MX_USART1_UART_Init
  20              		.syntax unified
  21              		.thumb
  22              		.thumb_func
  24              	MX_USART1_UART_Init:
  25              		@ args = 0, pretend = 0, frame = 0
  26              		@ frame_needed = 0, uses_anonymous_args = 0
  27 0000 08B5     		push	{r3, lr}
  28 0002 0A48     		ldr	r0, .L5
  29 0004 0A4B     		ldr	r3, .L5+4
  30 0006 0360     		str	r3, [r0]
  31 0008 4FF4E133 		mov	r3, #115200
  32 000c 4360     		str	r3, [r0, #4]
  33 000e 0023     		movs	r3, #0
  34 0010 8360     		str	r3, [r0, #8]
  35 0012 C360     		str	r3, [r0, #12]
  36 0014 0361     		str	r3, [r0, #16]
  37 0016 0C22     		movs	r2, #12
  38 0018 4261     		str	r2, [r0, #20]
  39 001a 8361     		str	r3, [r0, #24]
  40 001c C361     		str	r3, [r0, #28]
  41 001e FFF7FEFF 		bl	HAL_UART_Init
  42 0022 00B9     		cbnz	r0, .L4
  43              	.L1:
  44 0024 08BD     		pop	{r3, pc}
  45              	.L4:
  46 0026 FFF7FEFF 		bl	Error_Handler
  47 002a FBE7     		b	.L1
  48              	.L6:
  49              		.align	2
  50              	.L5:
  51 002c 00000000 		.word	.LANCHOR0
  52 0030 00100140 		.word	1073811456
  54              		.section	.text.HAL_UART_MspInit,"ax",%progbits
  55              		.align	1
  56              		.global	HAL_UART_MspInit
  57              		.syntax unified
  58              		.thumb
  59              		.thumb_func
ARM GAS  /tmp/.private/user/ccEK2NrC.s 			page 2


  61              	HAL_UART_MspInit:
  62              		@ args = 0, pretend = 0, frame = 32
  63              		@ frame_needed = 0, uses_anonymous_args = 0
  64 0000 10B5     		push	{r4, lr}
  65 0002 88B0     		sub	sp, sp, #32
  66 0004 0023     		movs	r3, #0
  67 0006 0393     		str	r3, [sp, #12]
  68 0008 0493     		str	r3, [sp, #16]
  69 000a 0593     		str	r3, [sp, #20]
  70 000c 0693     		str	r3, [sp, #24]
  71 000e 0793     		str	r3, [sp, #28]
  72 0010 0268     		ldr	r2, [r0]
  73 0012 03F18043 		add	r3, r3, #1073741824
  74 0016 03F58833 		add	r3, r3, #69632
  75 001a 9A42     		cmp	r2, r3
  76 001c 01D0     		beq	.L10
  77              	.L7:
  78 001e 08B0     		add	sp, sp, #32
  79              		@ sp needed
  80 0020 10BD     		pop	{r4, pc}
  81              	.L10:
  82 0022 0024     		movs	r4, #0
  83 0024 0194     		str	r4, [sp, #4]
  84 0026 03F59433 		add	r3, r3, #75776
  85 002a 5A6C     		ldr	r2, [r3, #68]
  86 002c 42F01002 		orr	r2, r2, #16
  87 0030 5A64     		str	r2, [r3, #68]
  88 0032 5A6C     		ldr	r2, [r3, #68]
  89 0034 02F01002 		and	r2, r2, #16
  90 0038 0192     		str	r2, [sp, #4]
  91 003a 019A     		ldr	r2, [sp, #4]
  92 003c 0294     		str	r4, [sp, #8]
  93 003e 1A6B     		ldr	r2, [r3, #48]
  94 0040 42F00102 		orr	r2, r2, #1
  95 0044 1A63     		str	r2, [r3, #48]
  96 0046 1B6B     		ldr	r3, [r3, #48]
  97 0048 03F00103 		and	r3, r3, #1
  98 004c 0293     		str	r3, [sp, #8]
  99 004e 029B     		ldr	r3, [sp, #8]
 100 0050 4FF4C063 		mov	r3, #1536
 101 0054 0393     		str	r3, [sp, #12]
 102 0056 0223     		movs	r3, #2
 103 0058 0493     		str	r3, [sp, #16]
 104 005a 0323     		movs	r3, #3
 105 005c 0693     		str	r3, [sp, #24]
 106 005e 0723     		movs	r3, #7
 107 0060 0793     		str	r3, [sp, #28]
 108 0062 03A9     		add	r1, sp, #12
 109 0064 0548     		ldr	r0, .L11
 110 0066 FFF7FEFF 		bl	HAL_GPIO_Init
 111 006a 2246     		mov	r2, r4
 112 006c 2146     		mov	r1, r4
 113 006e 2520     		movs	r0, #37
 114 0070 FFF7FEFF 		bl	HAL_NVIC_SetPriority
 115 0074 2520     		movs	r0, #37
 116 0076 FFF7FEFF 		bl	HAL_NVIC_EnableIRQ
 117 007a D0E7     		b	.L7
ARM GAS  /tmp/.private/user/ccEK2NrC.s 			page 3


 118              	.L12:
 119              		.align	2
 120              	.L11:
 121 007c 00000240 		.word	1073872896
 123              		.section	.text.HAL_UART_MspDeInit,"ax",%progbits
 124              		.align	1
 125              		.global	HAL_UART_MspDeInit
 126              		.syntax unified
 127              		.thumb
 128              		.thumb_func
 130              	HAL_UART_MspDeInit:
 131              		@ args = 0, pretend = 0, frame = 0
 132              		@ frame_needed = 0, uses_anonymous_args = 0
 133 0000 08B5     		push	{r3, lr}
 134 0002 0268     		ldr	r2, [r0]
 135 0004 084B     		ldr	r3, .L17
 136 0006 9A42     		cmp	r2, r3
 137 0008 00D0     		beq	.L16
 138              	.L13:
 139 000a 08BD     		pop	{r3, pc}
 140              	.L16:
 141 000c 074A     		ldr	r2, .L17+4
 142 000e 536C     		ldr	r3, [r2, #68]
 143 0010 23F01003 		bic	r3, r3, #16
 144 0014 5364     		str	r3, [r2, #68]
 145 0016 4FF4C061 		mov	r1, #1536
 146 001a 0548     		ldr	r0, .L17+8
 147 001c FFF7FEFF 		bl	HAL_GPIO_DeInit
 148 0020 2520     		movs	r0, #37
 149 0022 FFF7FEFF 		bl	HAL_NVIC_DisableIRQ
 150 0026 F0E7     		b	.L13
 151              	.L18:
 152              		.align	2
 153              	.L17:
 154 0028 00100140 		.word	1073811456
 155 002c 00380240 		.word	1073887232
 156 0030 00000240 		.word	1073872896
 158              		.global	huart1
 159              		.section	.bss.huart1,"aw",%nobits
 160              		.align	2
 161              		.set	.LANCHOR0,. + 0
 164              	huart1:
 165 0000 00000000 		.space	68
 165      00000000 
 165      00000000 
 165      00000000 
 165      00000000 
 166              		.ident	"GCC: (GNU Arm Embedded Toolchain 10.3-2021.10) 10.3.1 20210824 (release)"
ARM GAS  /tmp/.private/user/ccEK2NrC.s 			page 4


DEFINED SYMBOLS
                            *ABS*:0000000000000000 usart.c
/tmp/.private/user/ccEK2NrC.s:18     .text.MX_USART1_UART_Init:0000000000000000 $t
/tmp/.private/user/ccEK2NrC.s:24     .text.MX_USART1_UART_Init:0000000000000000 MX_USART1_UART_Init
/tmp/.private/user/ccEK2NrC.s:51     .text.MX_USART1_UART_Init:000000000000002c $d
/tmp/.private/user/ccEK2NrC.s:55     .text.HAL_UART_MspInit:0000000000000000 $t
/tmp/.private/user/ccEK2NrC.s:61     .text.HAL_UART_MspInit:0000000000000000 HAL_UART_MspInit
/tmp/.private/user/ccEK2NrC.s:121    .text.HAL_UART_MspInit:000000000000007c $d
/tmp/.private/user/ccEK2NrC.s:124    .text.HAL_UART_MspDeInit:0000000000000000 $t
/tmp/.private/user/ccEK2NrC.s:130    .text.HAL_UART_MspDeInit:0000000000000000 HAL_UART_MspDeInit
/tmp/.private/user/ccEK2NrC.s:154    .text.HAL_UART_MspDeInit:0000000000000028 $d
/tmp/.private/user/ccEK2NrC.s:164    .bss.huart1:0000000000000000 huart1
/tmp/.private/user/ccEK2NrC.s:160    .bss.huart1:0000000000000000 $d

UNDEFINED SYMBOLS
HAL_UART_Init
Error_Handler
HAL_GPIO_Init
HAL_NVIC_SetPriority
HAL_NVIC_EnableIRQ
HAL_GPIO_DeInit
HAL_NVIC_DisableIRQ
